<?xml version="1.0" encoding="UTF-8"?>
<!-- Generated by org.testng.reporters.JUnitReportReporter -->
<testsuite hostname="DESKTOP-5R6GJQ5" failures="0" tests="1" name="com.ATGAutomation.Tests.CreateCouponTest" time="7.781" errors="0" timestamp="2021-06-22T07:51:47 CEST" skipped="0">
  <testcase classname="com.ATGAutomation.Tests.CreateCouponTest" name="createCoupon" time="7.781"/>
  <system-out/>
</testsuite> <!-- com.ATGAutomation.Tests.CreateCouponTest -->
